<?xml version="1.0" encoding="UTF-8" ?>
<testsuite errors="0" failures="1" hostname="wiki.sielog.com" name="org.netbeans.modules.compapp.catd.ConfiguredTest" tests="1" time="2.641" timestamp="2011-01-13T16:31:17">
  <properties>
[...]
</properties>
  <testcase classname="org.netbeans.modules.compapp.catd.ConfiguredTest" name="TestCase1" time="2.62">
    <failure message="[13.01.2011 17:31:20] The response is not identical to the expected output." type="junit.framework.AssertionFailedError">junit.framework.AssertionFailedError: [13.01.2011 17:31:20] The response is not identical to the expected output.
	at org.netbeans.modules.compapp.catd.ConfiguredTest.checkExpectedOutput(ConfiguredTest.java:2348)
	at org.netbeans.modules.compapp.catd.ConfiguredTest.checkExpectedOutput(ConfiguredTest.java:2218)
	at org.netbeans.modules.compapp.catd.ConfiguredTest.testConcurrentSOAPRequest(ConfiguredTest.java:862)
</failure>
  </testcase>
  <system-out><![CDATA[GenerateATSOutput=${generate.ats.output}
NetBeansUserDir=/Applications/GlassFishESBv22/netbeans.app/Contents/Resources/.netbeans/glassfishesb
awt.nativeDoubleBuffering=true
awt.toolkit=apple.awt.CToolkit
file.encoding=MacRoman
file.encoding.pkg=sun.io
file.separator=/
ftp.nonProxyHosts=local|*.local|169.254/16|*.169.254/16
gopherProxySet=false
http.nonProxyHosts=local|*.local|169.254/16|*.169.254/16
java.awt.graphicsenv=apple.awt.CGraphicsEnvironment
java.awt.printerjob=apple.awt.CPrinterJob
java.class.path=/Applications/GlassFishESBv22/netbeans.app/Contents/Resources/netbeans/soa2/modules/org-netbeans-modules-compapp-manager-jbi.jar:/Applications/GlassFishESBv22/netbeans.app/Contents/Resources/netbeans/soa2/modules/org-netbeans-modules-compapp-projects-jbi.jar:/Applications/GlassFishESBv22/netbeans.app/Contents/Resources/netbeans/soa2/modules/ext/jbi/jbi-admin-common.jar:/Applications/GlassFishESBv22/netbeans.app/Contents/Resources/netbeans/soa2/modules/ext/jbi/catd.jar:/Applications/GlassFishESBv22/netbeans.app/Contents/Resources/netbeans/java2/modules/ext/junit-3.8.2.jar:/Applications/GlassFishESBv22/netbeans.app/Contents/Resources/netbeans/java2/modules/ext/jaxws21/api/saaj-api.jar:/Applications/GlassFishESBv22/netbeans.app/Contents/Resources/netbeans/java2/modules/ext/jaxws21/saaj-impl.jar:/Applications/GlassFishESBv22/netbeans.app/Contents/Resources/netbeans/java2/modules/ext/jaxws21/FastInfoset.jar:/Applications/GlassFishESBv22/netbeans.app/Contents/Resources/netbeans/ide11/modules/org-netbeans-modules-editor-lib.jar:/Applications/GlassFishESBv22/netbeans.app/Contents/Resources/netbeans/ide11/modules/org-netbeans-modules-editor.jar:/Applications/GlassFishESBv22/netbeans.app/Contents/Resources/netbeans/ide11/modules/org-netbeans-modules-editor-util.jar:/Applications/GlassFishESBv22/netbeans.app/Contents/Resources/netbeans/ide11/modules/org-netbeans-modules-editor-lib2.jar:/Applications/GlassFishESBv22/netbeans.app/Contents/Resources/netbeans/ide11/modules/org-netbeans-modules-editor-indent.jar:/Applications/GlassFishESBv22/netbeans.app/Contents/Resources/netbeans/ide11/modules/org-netbeans-modules-editor-plain.jar:/Applications/GlassFishESBv22/netbeans.app/Contents/Resources/netbeans/ide11/modules/org-netbeans-modules-editor-plain-lib.jar:/Applications/GlassFishESBv22/netbeans.app/Contents/Resources/netbeans/ide11/modules/org-netbeans-modules-editor-settings.jar:/Applications/GlassFishESBv22/netbeans.app/Contents/Resources/netbeans/ide11/modules/org-netbeans-modules-editor-settings-storage.jar:/Applications/GlassFishESBv22/netbeans.app/Contents/Resources/netbeans/ide11/modules/org-netbeans-modules-lexer.jar:/Applications/GlassFishESBv22/netbeans.app/Contents/Resources/netbeans/ide11/modules/org-netbeans-modules-xml-core.jar:/Applications/GlassFishESBv22/netbeans.app/Contents/Resources/netbeans/ide11/modules/org-netbeans-modules-xml-lexer.jar:/Applications/GlassFishESBv22/netbeans.app/Contents/Resources/netbeans/ide11/modules/org-netbeans-modules-xml-text.jar:/Applications/GlassFishESBv22/netbeans.app/Contents/Resources/netbeans/ide11/modules/org-netbeans-modules-xml-xdm.jar:/Applications/GlassFishESBv22/netbeans.app/Contents/Resources/netbeans/ide11/modules/org-netbeans-modules-xml-xam.jar:/Applications/GlassFishESBv22/netbeans.app/Contents/Resources/netbeans/ide11/modules/org-netbeans-modules-csl-api.jar:/Applications/GlassFishESBv22/netbeans.app/Contents/Resources/netbeans/ide11/modules/ext/jaxb/activation.jar:/Applications/GlassFishESBv22/netbeans.app/Contents/Resources/netbeans/platform10/lib/org-openide-modules.jar:/Applications/GlassFishESBv22/netbeans.app/Contents/Resources/netbeans/platform10/lib/org-openide-util.jar:/Applications/GlassFishESBv22/netbeans.app/Contents/Resources/netbeans/platform10/modules/org-openide-options.jar:/Applications/GlassFishESBv22/netbeans.app/Contents/Resources/netbeans/platform10/modules/org-openide-text.jar:/Applications/GlassFishESBv22/netbeans.app/Contents/Resources/netbeans/platform10/modules/org-openide-loaders.jar:/Applications/GlassFishESBv22/netbeans.app/Contents/Resources/netbeans/platform10/modules/org-openide-nodes.jar:/Applications/GlassFishESBv22/netbeans.app/Contents/Resources/netbeans/platform10/modules/org-netbeans-modules-editor-mimelookup.jar:/Applications/GlassFishESBv22/netbeans.app/Contents/Resources/netbeans/platform10/modules/org-netbeans-modules-editor-mimelookup-impl.jar:/Applications/GlassFishESBv22/netbeans.app/Contents/Resources/netbeans/platform10/core/org-openide-filesystems.jar:/Applications/GlassFishESBv22/netbeans.app/Contents/Resources/netbeans/java2/ant/lib/ant-launcher.jar:/Applications/GlassFishESBv22/netbeans.app/Contents/Resources/netbeans/java2/ant/lib/ant.jar:/Applications/GlassFishESBv22/netbeans.app/Contents/Resources/netbeans/java2/ant/patches/72080.jar
java.class.version=50.0
java.endorsed.dirs=/System/Library/Java/JavaVirtualMachines/1.6.0.jdk/Contents/Home/lib/endorsed
java.ext.dirs=/Library/Java/Extensions:/System/Library/Java/Extensions:/System/Library/Java/JavaVirtualMachines/1.6.0.jdk/Contents/Home/lib/ext
java.home=/System/Library/Java/JavaVirtualMachines/1.6.0.jdk/Contents/Home
java.io.tmpdir=/var/folders/CN/CN9lWWVcGL8yTafU2CHebE+++TI/-Tmp-/
java.library.path=.:/Library/Java/Extensions:/System/Library/Java/Extensions:/usr/lib/java
java.runtime.name=Java(TM) SE Runtime Environment
java.runtime.version=1.6.0_22-b04-307-10M3261
java.specification.name=Java Platform API Specification
java.specification.vendor=Sun Microsystems Inc.
java.specification.version=1.6
java.vendor=Apple Inc.
java.vendor.url=http://www.apple.com/
java.vendor.url.bug=http://bugreport.apple.com/
java.version=1.6.0_22
java.vm.info=mixed mode
java.vm.name=Java HotSpot(TM) 64-Bit Server VM
java.vm.specification.name=Java Virtual Machine Specification
java.vm.specification.vendor=Sun Microsystems Inc.
java.vm.specification.version=1.0
java.vm.vendor=Apple Inc.
java.vm.version=17.1-b03-307
line.separator=

mrj.build=10M3261
mrj.version=1060.1.6.0_22-307
org.netbeans.modules.compapp.catd.context=
os.arch=x86_64
os.name=Mac OS X
os.version=10.6.6
path.separator=:
socksNonProxyHosts=local|*.local|169.254/16|*.169.254/16
sun.arch.data.model=64
sun.boot.class.path=/System/Library/Java/JavaVirtualMachines/1.6.0.jdk/Contents/Classes/jsfd.jar:/System/Library/Java/JavaVirtualMachines/1.6.0.jdk/Contents/Classes/classes.jar:/System/Library/Frameworks/JavaVM.framework/Frameworks/JavaRuntimeSupport.framework/Resources/Java/JavaRuntimeSupport.jar:/System/Library/Java/JavaVirtualMachines/1.6.0.jdk/Contents/Classes/ui.jar:/System/Library/Java/JavaVirtualMachines/1.6.0.jdk/Contents/Classes/laf.jar:/System/Library/Java/JavaVirtualMachines/1.6.0.jdk/Contents/Classes/sunrsasign.jar:/System/Library/Java/JavaVirtualMachines/1.6.0.jdk/Contents/Classes/jsse.jar:/System/Library/Java/JavaVirtualMachines/1.6.0.jdk/Contents/Classes/jce.jar:/System/Library/Java/JavaVirtualMachines/1.6.0.jdk/Contents/Classes/charsets.jar
sun.boot.library.path=/System/Library/Java/JavaVirtualMachines/1.6.0.jdk/Contents/Libraries
sun.cpu.endian=little
sun.cpu.isalist=
sun.io.unicode.encoding=UnicodeLittle
sun.java.launcher=SUN_STANDARD
sun.jnu.encoding=MacRoman
sun.management.compiler=HotSpot 64-Bit Server Compiler
sun.os.patch.level=unknown
user.country=DE
user.dir=/Users/manuelmaly/Development/Uni/AIC-2010-Group-25/lab2_25_app
user.home=/Users/manuelmaly
user.language=de
user.name=manuelmaly
user.timezone=Europe/Vienna
Test TestCase1\Concurrent.properties
  * Difference (Delete): #text
  * Difference (Add): #text
  * Difference (Delete): #text
  * Difference (Add): #text
 Failed. (Destination: http://localhost:9080/OrderProcessService/OrderProcessPort)
]]></system-out>
  <system-err><![CDATA[13.01.2011 17:31:20 org.netbeans.modules.editor.settings.storage.keybindings.KeyMapsStorage$KeyMapsReader startElement
WARNUNG: Duplicate shortcut 'D-SPACE' definition; rebound from 'all-completion-show' to 'completion-show' in (Editors/Keybindings/NetBeans/Defaults/org-netbeans-modules-editor-keybindings.xml).
13.01.2011 17:31:20 org.netbeans.modules.csl.core.LanguageRegistry readSfs
INFO: No CslPlugins folder
]]></system-err>
</testsuite>
